info: ::1 - - [05/Oct/2022:14:05:47 +0000] "GET /api/v1/ HTTP/1.1" 200 9 "-" "PostmanRuntime/7.29.2"

info: ::1 - - [05/Oct/2022:14:06:17 +0000] "GET /api/v1/users HTTP/1.1" 200 65 "-" "PostmanRuntime/7.29.2"

info: ::1 - - [05/Oct/2022:14:06:44 +0000] "POST /api/v1/users HTTP/1.1" 500 65 "-" "PostmanRuntime/7.29.2"

info: ::1 - - [05/Oct/2022:14:09:14 +0000] "POST /api/v1/users HTTP/1.1" 500 65 "-" "PostmanRuntime/7.29.2"

info: ::1 - - [05/Oct/2022:14:12:25 +0000] "POST /api/v1/users HTTP/1.1" 500 53 "-" "PostmanRuntime/7.29.2"

info: ::1 - - [05/Oct/2022:14:12:56 +0000] "POST /api/v1/users HTTP/1.1" 500 81 "-" "PostmanRuntime/7.29.2"

info: ::1 - - [05/Oct/2022:14:14:56 +0000] "POST /api/v1/users HTTP/1.1" 500 81 "-" "PostmanRuntime/7.29.2"

info: ::1 - - [05/Oct/2022:14:15:38 +0000] "POST /api/v1/users HTTP/1.1" 500 81 "-" "PostmanRuntime/7.29.2"

info: ::1 - - [05/Oct/2022:14:17:53 +0000] "POST /api/v1/users HTTP/1.1" 500 58 "-" "PostmanRuntime/7.29.2"

info: ::1 - - [05/Oct/2022:14:18:39 +0000] "POST /api/v1/users HTTP/1.1" 500 61 "-" "PostmanRuntime/7.29.2"

info: ::1 - - [05/Oct/2022:14:19:01 +0000] "POST /api/v1/users HTTP/1.1" 201 192 "-" "PostmanRuntime/7.29.2"

info: ::1 - - [05/Oct/2022:14:20:45 +0000] "POST /api/v1/users HTTP/1.1" 201 192 "-" "PostmanRuntime/7.29.2"

info: ::1 - - [05/Oct/2022:14:21:48 +0000] "POST /api/v1/users HTTP/1.1" 201 192 "-" "PostmanRuntime/7.29.2"

info: ::1 - - [05/Oct/2022:14:24:32 +0000] "POST /api/v1/users HTTP/1.1" 201 192 "-" "PostmanRuntime/7.29.2"

info: ::1 - - [05/Oct/2022:14:26:27 +0000] "POST /api/v1/users HTTP/1.1" 400 64 "-" "PostmanRuntime/7.29.2"

info: ::1 - - [05/Oct/2022:14:27:05 +0000] "POST /api/v1/users HTTP/1.1" 201 192 "-" "PostmanRuntime/7.29.2"

info: ::1 - - [05/Oct/2022:14:28:21 +0000] "POST /api/v1/users HTTP/1.1" 201 192 "-" "PostmanRuntime/7.29.2"

info: ::1 - - [05/Oct/2022:14:37:04 +0000] "POST /api/v1/users HTTP/1.1" 400 64 "-" "PostmanRuntime/7.29.2"

info: ::1 - - [05/Oct/2022:14:37:44 +0000] "POST /api/v1/users HTTP/1.1" 400 53 "-" "PostmanRuntime/7.29.2"

info: ::1 - - [05/Oct/2022:14:39:53 +0000] "POST /api/v1/users HTTP/1.1" 201 192 "-" "PostmanRuntime/7.29.2"

info: ::1 - - [05/Oct/2022:14:49:14 +0000] "POST /api/v1/users HTTP/1.1" 201 208 "-" "PostmanRuntime/7.29.2"

info: ::1 - - [05/Oct/2022:14:53:03 +0000] "POST /api/v1/users HTTP/1.1" 201 233 "-" "PostmanRuntime/7.29.2"

info: ::1 - - [05/Oct/2022:15:15:48 +0000] "POST /api/v1/users HTTP/1.1" 400 101 "-" "PostmanRuntime/7.29.2"

info: ::1 - - [05/Oct/2022:15:17:19 +0000] "POST /api/v1/users HTTP/1.1" 201 278 "-" "PostmanRuntime/7.29.2"

info: ::1 - - [05/Oct/2022:16:03:26 +0000] "POST /api/v1/users HTTP/1.1" 400 53 "-" "PostmanRuntime/7.29.2"

info: ::1 - - [05/Oct/2022:16:05:06 +0000] "POST /api/v1/users HTTP/1.1" 400 53 "-" "PostmanRuntime/7.29.2"

info: ::1 - - [05/Oct/2022:16:06:00 +0000] "POST /api/v1/users HTTP/1.1" 400 54 "-" "PostmanRuntime/7.29.2"

info: ::1 - - [05/Oct/2022:16:09:01 +0000] "POST /api/v1/users HTTP/1.1" 201 275 "-" "PostmanRuntime/7.29.2"

info: ::1 - - [05/Oct/2022:16:09:45 +0000] "GET /api/v1/users HTTP/1.1" 200 507 "-" "PostmanRuntime/7.29.2"

info: ::1 - - [05/Oct/2022:16:30:21 +0000] "GET /api/v1/users/633d9ffd872fcf2ea062f6bc HTTP/1.1" 400 56 "-" "PostmanRuntime/7.29.2"

info: ::1 - - [05/Oct/2022:16:30:55 +0000] "GET /api/v1/users/633d9ffd872fcf2ea062f6bc HTTP/1.1" 200 280 "-" "PostmanRuntime/7.29.2"

info: ::1 - - [05/Oct/2022:16:32:01 +0000] "PUT /api/v1/users/633d9ffd872fcf2ea062f6bc HTTP/1.1" 202 281 "-" "PostmanRuntime/7.29.2"

